<?xml version="1.0" encoding="UTF-8"?>
<!-- Generated by org.testng.reporters.JUnitXMLReporter -->
<testsuite hostname="DESKTOP-R8C3CCQ" failures="0" tests="3" name="Default test" time="32.415" errors="0" timestamp="25 Feb 2024 06:25:52 GMT">
  <testcase classname="testcases.ParallelTest" name="TestCaseOne" time="2.036"/>
  <testcase classname="testcases.ParallelTest" name="TestCaseThree" time="8.086"/>
  <testcase classname="testcases.ParallelTest" name="TestCaseTwo" time="9.165"/>
</testsuite> <!-- Default test -->
