<?xml version="1.0" encoding="UTF-8"?>
<!-- Generated by org.testng.reporters.JUnitXMLReporter -->
<testsuite hostname="DESKTOP-R8C3CCQ" failures="0" tests="3" name="Default test" time="17.564" errors="0" timestamp="25 Feb 2024 10:16:59 GMT">
  <testcase classname="testcases.ParallelTest" name="TestCaseOne" time="0.98"/>
  <testcase classname="testcases.ParallelTest" name="TestCaseTwo" time="5.138"/>
  <testcase classname="testcases.ParallelTest" name="TestCaseThree" time="2.32"/>
</testsuite> <!-- Default test -->
