<?xml version="1.0" encoding="UTF-8"?>
<testng-results total="3" passed="3" failed="0" skipped="0">
  <reporter-output>
  </reporter-output>
  <suite started-at="2024-02-25T08:39:27Z" name="Suite" finished-at="2024-02-25T08:39:52Z" duration-ms="24609">
    <groups>
    </groups>
    <test started-at="2024-02-25T08:39:27Z" name="Test" finished-at="2024-02-25T08:39:52Z" duration-ms="24609">
      <class name="testcases.TestScenarioTwo">
        <test-method signature="TestCaseOne()[pri:0, instance:testcases.TestScenarioTwo@481ba2cf]" started-at="2024-02-25T14:09:41Z" name="TestCaseOne" finished-at="2024-02-25T14:09:51Z" duration-ms="9553" status="PASS">
          <reporter-output>
          </reporter-output>
        </test-method> <!-- TestCaseOne -->
      </class> <!-- testcases.TestScenarioTwo -->
      <class name="testcases.TestScenarioThree">
        <test-method signature="TestCaseOne()[pri:0, instance:testcases.TestScenarioThree@71e9ebae]" started-at="2024-02-25T14:09:41Z" name="TestCaseOne" finished-at="2024-02-25T14:09:46Z" duration-ms="4964" status="PASS">
          <reporter-output>
          </reporter-output>
        </test-method> <!-- TestCaseOne -->
      </class> <!-- testcases.TestScenarioThree -->
      <class name="testcases.TestScenarioOne">
        <test-method is-config="true" signature="setupSelenium()[pri:0, instance:testcases.TestScenarioOne@36060e]" started-at="2024-02-25T14:09:27Z" name="setupSelenium" finished-at="2024-02-25T14:09:34Z" duration-ms="6927" status="PASS">
          <reporter-output>
          </reporter-output>
        </test-method> <!-- setupSelenium -->
        <test-method is-config="true" signature="setupSelenium()[pri:0, instance:testcases.TestScenarioThree@71e9ebae]" started-at="2024-02-25T14:09:34Z" name="setupSelenium" finished-at="2024-02-25T14:09:37Z" duration-ms="2902" status="PASS">
          <reporter-output>
          </reporter-output>
        </test-method> <!-- setupSelenium -->
        <test-method is-config="true" signature="setupSelenium()[pri:0, instance:testcases.TestScenarioTwo@481ba2cf]" started-at="2024-02-25T14:09:37Z" name="setupSelenium" finished-at="2024-02-25T14:09:41Z" duration-ms="3988" status="PASS">
          <reporter-output>
          </reporter-output>
        </test-method> <!-- setupSelenium -->
        <test-method signature="TestCaseOne()[pri:0, instance:testcases.TestScenarioOne@36060e]" started-at="2024-02-25T14:09:41Z" name="TestCaseOne" finished-at="2024-02-25T14:09:45Z" duration-ms="3572" status="PASS">
          <reporter-output>
          </reporter-output>
        </test-method> <!-- TestCaseOne -->
        <test-method is-config="true" signature="tearDown()[pri:0, instance:testcases.TestScenarioOne@36060e]" started-at="2024-02-25T14:09:51Z" name="tearDown" finished-at="2024-02-25T14:09:51Z" duration-ms="416" status="PASS">
          <reporter-output>
          </reporter-output>
        </test-method> <!-- tearDown -->
        <test-method is-config="true" signature="tearDown()[pri:0, instance:testcases.TestScenarioThree@71e9ebae]" started-at="2024-02-25T14:09:51Z" name="tearDown" finished-at="2024-02-25T14:09:51Z" duration-ms="399" status="PASS">
          <reporter-output>
          </reporter-output>
        </test-method> <!-- tearDown -->
        <test-method is-config="true" signature="tearDown()[pri:0, instance:testcases.TestScenarioTwo@481ba2cf]" started-at="2024-02-25T14:09:51Z" name="tearDown" finished-at="2024-02-25T14:09:52Z" duration-ms="387" status="PASS">
          <reporter-output>
          </reporter-output>
        </test-method> <!-- tearDown -->
      </class> <!-- testcases.TestScenarioOne -->
    </test> <!-- Test -->
  </suite> <!-- Suite -->
</testng-results>
