<?xml version="1.0" encoding="UTF-8"?>
<testng-results total="6" passed="3" failed="3" skipped="0">
  <reporter-output>
  </reporter-output>
  <suite started-at="2024-02-25T12:01:09Z" name="Suite" finished-at="2024-02-25T12:01:34Z" duration-ms="25014">
    <groups>
    </groups>
    <test started-at="2024-02-25T12:01:09Z" name="SafariTest" finished-at="2024-02-25T12:01:12Z" duration-ms="3762">
      <class name="testcases.SafariPTest">
        <test-method is-config="true" signature="setUp(java.lang.String, java.lang.String, java.lang.String)[pri:0, instance:testcases.SafariPTest@b4711e2]" started-at="2024-02-25T17:31:09Z" name="setUp" finished-at="2024-02-25T17:31:12Z" duration-ms="3720" status="PASS">
          <params>
            <param index="0">
              <value>
                <![CDATA[edge]]>
              </value>
            </param>
            <param index="1">
              <value>
                <![CDATA[122.0]]>
              </value>
            </param>
            <param index="2">
              <value>
                <![CDATA[macOS Sonoma]]>
              </value>
            </param>
          </params>
          <reporter-output>
          </reporter-output>
        </test-method> <!-- setUp -->
        <test-method signature="TestCaseOne()[pri:0, instance:testcases.SafariPTest@b4711e2]" started-at="2024-02-25T17:31:12Z" name="TestCaseOne" finished-at="2024-02-25T17:31:12Z" duration-ms="6" status="FAIL">
          <exception class="java.lang.NullPointerException">
            <message>
              <![CDATA[Cannot invoke "org.openqa.selenium.remote.RemoteWebDriver.navigate()" because "this.driver" is null]]>
            </message>
            <full-stacktrace>
              <![CDATA[java.lang.NullPointerException: Cannot invoke "org.openqa.selenium.remote.RemoteWebDriver.navigate()" because "this.driver" is null
	at testcases.SafariPTest.TestCaseOne(SafariPTest.java:76)
	at java.base/jdk.internal.reflect.NativeMethodAccessorImpl.invoke0(Native Method)
	at java.base/jdk.internal.reflect.NativeMethodAccessorImpl.invoke(NativeMethodAccessorImpl.java:77)
	at java.base/jdk.internal.reflect.DelegatingMethodAccessorImpl.invoke(DelegatingMethodAccessorImpl.java:43)
	at java.base/java.lang.reflect.Method.invoke(Method.java:568)
	at org.testng.internal.MethodInvocationHelper.invokeMethod(MethodInvocationHelper.java:84)
	at org.testng.internal.Invoker.invokeMethod(Invoker.java:714)
	at org.testng.internal.Invoker.invokeTestMethod(Invoker.java:901)
	at org.testng.internal.Invoker.invokeTestMethods(Invoker.java:1231)
	at org.testng.internal.TestMethodWorker.invokeTestMethods(TestMethodWorker.java:127)
	at org.testng.internal.TestMethodWorker.run(TestMethodWorker.java:111)
	at org.testng.TestRunner.privateRun(TestRunner.java:767)
	at org.testng.TestRunner.run(TestRunner.java:617)
	at org.testng.SuiteRunner.runTest(SuiteRunner.java:348)
	at org.testng.SuiteRunner.access$000(SuiteRunner.java:38)
	at org.testng.SuiteRunner$SuiteWorker.run(SuiteRunner.java:382)
	at org.testng.internal.thread.ThreadUtil$2.call(ThreadUtil.java:64)
	at java.base/java.util.concurrent.FutureTask.run(FutureTask.java:264)
	at java.base/java.util.concurrent.ThreadPoolExecutor.runWorker(ThreadPoolExecutor.java:1136)
	at java.base/java.util.concurrent.ThreadPoolExecutor$Worker.run(ThreadPoolExecutor.java:635)
	at java.base/java.lang.Thread.run(Thread.java:833)
]]>
            </full-stacktrace>
          </exception> <!-- java.lang.NullPointerException -->
          <reporter-output>
          </reporter-output>
        </test-method> <!-- TestCaseOne -->
        <test-method signature="TestCaseTwo()[pri:0, instance:testcases.SafariPTest@b4711e2]" started-at="2024-02-25T17:31:12Z" name="TestCaseTwo" finished-at="2024-02-25T17:31:12Z" duration-ms="2" status="FAIL">
          <exception class="java.lang.NullPointerException">
            <message>
              <![CDATA[Cannot invoke "org.openqa.selenium.remote.RemoteWebDriver.navigate()" because "this.driver" is null]]>
            </message>
            <full-stacktrace>
              <![CDATA[java.lang.NullPointerException: Cannot invoke "org.openqa.selenium.remote.RemoteWebDriver.navigate()" because "this.driver" is null
	at testcases.SafariPTest.TestCaseTwo(SafariPTest.java:86)
	at java.base/jdk.internal.reflect.NativeMethodAccessorImpl.invoke0(Native Method)
	at java.base/jdk.internal.reflect.NativeMethodAccessorImpl.invoke(NativeMethodAccessorImpl.java:77)
	at java.base/jdk.internal.reflect.DelegatingMethodAccessorImpl.invoke(DelegatingMethodAccessorImpl.java:43)
	at java.base/java.lang.reflect.Method.invoke(Method.java:568)
	at org.testng.internal.MethodInvocationHelper.invokeMethod(MethodInvocationHelper.java:84)
	at org.testng.internal.Invoker.invokeMethod(Invoker.java:714)
	at org.testng.internal.Invoker.invokeTestMethod(Invoker.java:901)
	at org.testng.internal.Invoker.invokeTestMethods(Invoker.java:1231)
	at org.testng.internal.TestMethodWorker.invokeTestMethods(TestMethodWorker.java:127)
	at org.testng.internal.TestMethodWorker.run(TestMethodWorker.java:111)
	at org.testng.TestRunner.privateRun(TestRunner.java:767)
	at org.testng.TestRunner.run(TestRunner.java:617)
	at org.testng.SuiteRunner.runTest(SuiteRunner.java:348)
	at org.testng.SuiteRunner.access$000(SuiteRunner.java:38)
	at org.testng.SuiteRunner$SuiteWorker.run(SuiteRunner.java:382)
	at org.testng.internal.thread.ThreadUtil$2.call(ThreadUtil.java:64)
	at java.base/java.util.concurrent.FutureTask.run(FutureTask.java:264)
	at java.base/java.util.concurrent.ThreadPoolExecutor.runWorker(ThreadPoolExecutor.java:1136)
	at java.base/java.util.concurrent.ThreadPoolExecutor$Worker.run(ThreadPoolExecutor.java:635)
	at java.base/java.lang.Thread.run(Thread.java:833)
]]>
            </full-stacktrace>
          </exception> <!-- java.lang.NullPointerException -->
          <reporter-output>
          </reporter-output>
        </test-method> <!-- TestCaseTwo -->
        <test-method signature="TestCaseThree()[pri:0, instance:testcases.SafariPTest@b4711e2]" started-at="2024-02-25T17:31:12Z" name="TestCaseThree" finished-at="2024-02-25T17:31:12Z" duration-ms="2" status="FAIL">
          <exception class="java.lang.NullPointerException">
            <message>
              <![CDATA[Cannot invoke "org.openqa.selenium.remote.RemoteWebDriver.navigate()" because "this.driver" is null]]>
            </message>
            <full-stacktrace>
              <![CDATA[java.lang.NullPointerException: Cannot invoke "org.openqa.selenium.remote.RemoteWebDriver.navigate()" because "this.driver" is null
	at testcases.SafariPTest.TestCaseThree(SafariPTest.java:95)
	at java.base/jdk.internal.reflect.NativeMethodAccessorImpl.invoke0(Native Method)
	at java.base/jdk.internal.reflect.NativeMethodAccessorImpl.invoke(NativeMethodAccessorImpl.java:77)
	at java.base/jdk.internal.reflect.DelegatingMethodAccessorImpl.invoke(DelegatingMethodAccessorImpl.java:43)
	at java.base/java.lang.reflect.Method.invoke(Method.java:568)
	at org.testng.internal.MethodInvocationHelper.invokeMethod(MethodInvocationHelper.java:84)
	at org.testng.internal.Invoker.invokeMethod(Invoker.java:714)
	at org.testng.internal.Invoker.invokeTestMethod(Invoker.java:901)
	at org.testng.internal.Invoker.invokeTestMethods(Invoker.java:1231)
	at org.testng.internal.TestMethodWorker.invokeTestMethods(TestMethodWorker.java:127)
	at org.testng.internal.TestMethodWorker.run(TestMethodWorker.java:111)
	at org.testng.TestRunner.privateRun(TestRunner.java:767)
	at org.testng.TestRunner.run(TestRunner.java:617)
	at org.testng.SuiteRunner.runTest(SuiteRunner.java:348)
	at org.testng.SuiteRunner.access$000(SuiteRunner.java:38)
	at org.testng.SuiteRunner$SuiteWorker.run(SuiteRunner.java:382)
	at org.testng.internal.thread.ThreadUtil$2.call(ThreadUtil.java:64)
	at java.base/java.util.concurrent.FutureTask.run(FutureTask.java:264)
	at java.base/java.util.concurrent.ThreadPoolExecutor.runWorker(ThreadPoolExecutor.java:1136)
	at java.base/java.util.concurrent.ThreadPoolExecutor$Worker.run(ThreadPoolExecutor.java:635)
	at java.base/java.lang.Thread.run(Thread.java:833)
]]>
            </full-stacktrace>
          </exception> <!-- java.lang.NullPointerException -->
          <reporter-output>
          </reporter-output>
        </test-method> <!-- TestCaseThree -->
        <test-method is-config="true" signature="tearDown()[pri:0, instance:testcases.SafariPTest@b4711e2]" started-at="2024-02-25T17:31:12Z" name="tearDown" finished-at="2024-02-25T17:31:12Z" duration-ms="0" status="PASS">
          <reporter-output>
          </reporter-output>
        </test-method> <!-- tearDown -->
      </class> <!-- testcases.SafariPTest -->
    </test> <!-- SafariTest -->
    <test started-at="2024-02-25T12:01:09Z" name="ChromeTest" finished-at="2024-02-25T12:01:34Z" duration-ms="25014">
      <class name="testcases.ChromePTest">
        <test-method is-config="true" signature="setupSelenium(java.lang.String, java.lang.String, java.lang.String)[pri:0, instance:testcases.ChromePTest@6f44a157]" started-at="2024-02-25T17:31:09Z" name="setupSelenium" finished-at="2024-02-25T17:31:14Z" duration-ms="5200" status="PASS">
          <params>
            <param index="0">
              <value>
                <![CDATA[chrome]]>
              </value>
            </param>
            <param index="1">
              <value>
                <![CDATA[122.0]]>
              </value>
            </param>
            <param index="2">
              <value>
                <![CDATA[WIN10]]>
              </value>
            </param>
          </params>
          <reporter-output>
          </reporter-output>
        </test-method> <!-- setupSelenium -->
        <test-method signature="TestCaseOne()[pri:0, instance:testcases.ChromePTest@6f44a157]" started-at="2024-02-25T17:31:14Z" name="TestCaseOne" finished-at="2024-02-25T17:31:16Z" duration-ms="2434" status="PASS">
          <reporter-output>
          </reporter-output>
        </test-method> <!-- TestCaseOne -->
        <test-method signature="TestCaseTwo()[pri:0, instance:testcases.ChromePTest@6f44a157]" started-at="2024-02-25T17:31:16Z" name="TestCaseTwo" finished-at="2024-02-25T17:31:29Z" duration-ms="12524" status="PASS">
          <reporter-output>
          </reporter-output>
        </test-method> <!-- TestCaseTwo -->
        <test-method signature="TestCaseThree()[pri:0, instance:testcases.ChromePTest@6f44a157]" started-at="2024-02-25T17:31:29Z" name="TestCaseThree" finished-at="2024-02-25T17:31:32Z" duration-ms="3078" status="PASS">
          <reporter-output>
          </reporter-output>
        </test-method> <!-- TestCaseThree -->
        <test-method is-config="true" signature="tearDown()[pri:0, instance:testcases.ChromePTest@6f44a157]" started-at="2024-02-25T17:31:32Z" name="tearDown" finished-at="2024-02-25T17:31:34Z" duration-ms="1747" status="PASS">
          <reporter-output>
          </reporter-output>
        </test-method> <!-- tearDown -->
      </class> <!-- testcases.ChromePTest -->
    </test> <!-- ChromeTest -->
  </suite> <!-- Suite -->
</testng-results>
