<?xml version="1.0" encoding="UTF-8"?>
<!-- Generated by org.testng.reporters.JUnitXMLReporter -->
<testsuite hostname="DESKTOP-R8C3CCQ" failures="0" tests="3" name="ChromeTest" time="25.014" errors="0" timestamp="25 Feb 2024 12:01:34 GMT">
  <testcase classname="testcases.ChromePTest" name="TestCaseOne" time="2.434"/>
  <testcase classname="testcases.ChromePTest" name="TestCaseTwo" time="12.524"/>
  <testcase classname="testcases.ChromePTest" name="TestCaseThree" time="3.078"/>
</testsuite> <!-- ChromeTest -->
