<?xml version="1.0" encoding="UTF-8"?>
<!-- Generated by org.testng.reporters.JUnitXMLReporter -->
<testsuite hostname="DESKTOP-R8C3CCQ" failures="0" tests="6" name="Test" time="31.177" errors="0" timestamp="25 Feb 2024 06:37:56 GMT">
  <testcase classname="testcases.ChromePTest" name="TestCaseOne" time="5.125"/>
  <testcase classname="testcases.EdgePTest" name="TestCaseOne" time="6.152"/>
  <testcase classname="testcases.ChromePTest" name="TestCaseTwo" time="12.988"/>
  <testcase classname="testcases.EdgePTest" name="TestCaseTwo" time="12.218"/>
  <testcase classname="testcases.ChromePTest" name="TestCaseThree" time="3.702"/>
  <testcase classname="testcases.EdgePTest" name="TestCaseThree" time="3.887"/>
</testsuite> <!-- Test -->
