<?xml version="1.0" encoding="UTF-8"?>
<!-- Generated by org.testng.reporters.JUnitXMLReporter -->
<testsuite hostname="DESKTOP-R8C3CCQ" failures="0" tests="3" name="Test" time="24.609" errors="0" timestamp="25 Feb 2024 08:39:52 GMT">
  <testcase classname="testcases.TestScenarioOne" name="TestCaseOne" time="3.572"/>
  <testcase classname="testcases.TestScenarioThree" name="TestCaseOne" time="4.964"/>
  <testcase classname="testcases.TestScenarioTwo" name="TestCaseOne" time="9.553"/>
</testsuite> <!-- Test -->
